<?xml version="1.0" encoding="UTF-8"?>
<!-- Generated by org.testng.reporters.JUnitReportReporter -->
<testsuite hostname="DESKTOP-Q0H25TU" failures="0" tests="1" name="DemoTools.Draggable" time="8.540" errors="0" timestamp="2024-08-30T15:16:46 IST" skipped="0">
  <testcase classname="DemoTools.Draggable" name="testDraggableFeature" time="8.540"/>
</testsuite> <!-- DemoTools.Draggable -->
