<?xml version="1.0" encoding="UTF-8"?>
<!-- Generated by org.testng.reporters.JUnitReportReporter -->
<testsuite hostname="DESKTOP-Q0H25TU" failures="0" tests="1" name="DemoTools.BrowserNewWindow" time="23.607" errors="0" timestamp="2024-08-22T23:14:32 IST" skipped="0">
  <testcase classname="DemoTools.BrowserNewWindow" name="element" time="23.607"/>
</testsuite> <!-- DemoTools.BrowserNewWindow -->
