<?xml version="1.0" encoding="UTF-8"?>
<!-- Generated by org.testng.reporters.JUnitReportReporter -->
<testsuite hostname="DESKTOP-Q0H25TU" failures="0" tests="1" name="DemoTools.SelectMenu" time="17.564" errors="0" timestamp="2024-08-27T16:25:41 IST" skipped="0">
  <testcase classname="DemoTools.SelectMenu" name="menuTest" time="17.564"/>
</testsuite> <!-- DemoTools.SelectMenu -->
