<?xml version="1.0" encoding="UTF-8"?>
<!-- Generated by org.testng.reporters.JUnitReportReporter -->
<testsuite hostname="DESKTOP-Q0H25TU" failures="0" tests="1" name="DemoTools.Web_tables" time="37.059" errors="0" timestamp="2024-08-23T10:11:17 IST" skipped="0">
  <testcase classname="DemoTools.Web_tables" name="element" time="37.059"/>
</testsuite> <!-- DemoTools.Web_tables -->
