<?xml version="1.0" encoding="UTF-8"?>
<!-- Generated by org.testng.reporters.JUnitReportReporter -->
<testsuite hostname="DESKTOP-Q0H25TU" failures="0" tests="1" name="DemoTools.screenshot" time="15.212" errors="0" timestamp="2024-08-30T11:08:15 IST" skipped="0">
  <testcase classname="DemoTools.screenshot" name="testBookStorePage" time="15.212"/>
</testsuite> <!-- DemoTools.screenshot -->
