<?xml version="1.0" encoding="UTF-8"?>
<!-- Generated by org.testng.reporters.JUnitReportReporter -->
<testsuite hostname="DESKTOP-Q0H25TU" failures="0" tests="1" name="DemoTools.BrowserWindows" time="27.111" errors="0" timestamp="2024-08-22T23:07:23 IST" skipped="0">
  <testcase classname="DemoTools.BrowserWindows" name="element" time="27.111"/>
</testsuite> <!-- DemoTools.BrowserWindows -->
