<?xml version="1.0" encoding="UTF-8"?>
<!-- Generated by org.testng.reporters.JUnitReportReporter -->
<testsuite hostname="DESKTOP-Q0H25TU" failures="0" tests="15" name="testngScripts.ParametrsExample1" time="0.085" errors="0" timestamp="2023-09-01T16:12:36 IST" skipped="0">
  <testcase classname="testngScripts.ParametrsExample1" name="signup" time="0.003"/>
  <testcase classname="testngScripts.ParametrsExample1" name="signup" time="0.006"/>
  <testcase classname="testngScripts.ParametrsExample1" name="signup" time="0.033"/>
  <testcase classname="testngScripts.ParametrsExample1" name="signup" time="0.004"/>
  <testcase classname="testngScripts.ParametrsExample1" name="signup" time="0.003"/>
  <testcase classname="testngScripts.ParametrsExample1" name="login" time="0.005"/>
  <testcase classname="testngScripts.ParametrsExample1" name="login" time="0.003"/>
  <testcase classname="testngScripts.ParametrsExample1" name="login" time="0.011"/>
  <testcase classname="testngScripts.ParametrsExample1" name="login" time="0.002"/>
  <testcase classname="testngScripts.ParametrsExample1" name="cart" time="0.003"/>
  <testcase classname="testngScripts.ParametrsExample1" name="cart" time="0.003"/>
  <testcase classname="testngScripts.ParametrsExample1" name="cart" time="0.002"/>
  <testcase classname="testngScripts.ParametrsExample1" name="wishlist" time="0.002"/>
  <testcase classname="testngScripts.ParametrsExample1" name="wishlist" time="0.001"/>
  <testcase classname="testngScripts.ParametrsExample1" name="logout" time="0.004"/>
  <system-out>
    <![CDATA[khatam tata bye bye goodbye gaya
Rahul Gandhi]]>
  </system-out>
</testsuite> <!-- testngScripts.ParametrsExample1 -->
