<?xml version="1.0" encoding="UTF-8"?>
<!-- Generated by org.testng.reporters.JUnitReportReporter -->
<testsuite hostname="DESKTOP-Q0H25TU" failures="0" tests="1" name="DemoTools.Alerts3" time="13.098" errors="0" timestamp="2024-08-22T23:49:46 IST" skipped="0">
  <testcase classname="DemoTools.Alerts3" name="element" time="13.098"/>
</testsuite> <!-- DemoTools.Alerts3 -->
