<?xml version="1.0" encoding="UTF-8"?>
<!-- Generated by org.testng.reporters.JUnitReportReporter -->
<testsuite hostname="DESKTOP-Q0H25TU" failures="0" tests="5" name="testngScripts.ParametersExample" time="0.031" errors="0" timestamp="2023-09-22T16:01:59 IST" skipped="0">
  <testcase classname="testngScripts.ParametersExample" name="signup" time="0.016"/>
  <testcase classname="testngScripts.ParametersExample" name="login" time="0.003"/>
  <testcase classname="testngScripts.ParametersExample" name="cart" time="0.004"/>
  <testcase classname="testngScripts.ParametersExample" name="wishlist" time="0.003"/>
  <testcase classname="testngScripts.ParametersExample" name="logout" time="0.005"/>
</testsuite> <!-- testngScripts.ParametersExample -->
