<?xml version="1.0" encoding="UTF-8"?>
<!-- Generated by org.testng.reporters.JUnitReportReporter -->
<testsuite hostname="DESKTOP-Q0H25TU" failures="0" tests="1" name="DemoTools.ProgressBar" time="90.926" errors="0" timestamp="2024-08-23T17:23:48 IST" skipped="0">
  <testcase classname="DemoTools.ProgressBar" name="element" time="90.926"/>
</testsuite> <!-- DemoTools.ProgressBar -->
