<?xml version="1.0" encoding="UTF-8"?>
<!-- Generated by org.testng.reporters.JUnitReportReporter -->
<testsuite hostname="DESKTOP-Q0H25TU" failures="0" tests="1" name="DemoTools.Alerts2" time="12.171" errors="0" timestamp="2024-08-22T23:48:06 IST" skipped="0">
  <testcase classname="DemoTools.Alerts2" name="element" time="12.171"/>
</testsuite> <!-- DemoTools.Alerts2 -->
