<?xml version="1.0" encoding="UTF-8"?>
<!-- Generated by org.testng.reporters.JUnitReportReporter -->
<testsuite hostname="DESKTOP-Q0H25TU" failures="0" tests="1" name="DemoTools.Profile" time="17.616" errors="0" timestamp="2024-08-26T19:11:56 IST" skipped="0">
  <testcase classname="DemoTools.Profile" name="element" time="17.616"/>
</testsuite> <!-- DemoTools.Profile -->
