<?xml version="1.0" encoding="UTF-8"?>
<!-- Generated by org.testng.reporters.JUnitReportReporter -->
<testsuite hostname="DESKTOP-Q0H25TU" failures="0" tests="1" name="DemoTools.Elements" time="15.242" errors="0" timestamp="2024-08-30T11:24:04 IST" skipped="0">
  <testcase classname="DemoTools.Elements" name="element" time="15.242"/>
</testsuite> <!-- DemoTools.Elements -->
