<?xml version="1.0" encoding="UTF-8"?>
<!-- Generated by org.testng.reporters.JUnitReportReporter -->
<testsuite hostname="DESKTOP-Q0H25TU" failures="0" tests="1" name="DemoTools.DatePicker" time="19.186" errors="0" timestamp="2024-08-27T10:33:09 IST" skipped="0">
  <testcase classname="DemoTools.DatePicker" name="testDatePicker" time="19.186"/>
</testsuite> <!-- DemoTools.DatePicker -->
