<?xml version="1.0" encoding="UTF-8"?>
<!-- Generated by org.testng.reporters.JUnitReportReporter -->
<testsuite hostname="DESKTOP-Q0H25TU" failures="0" tests="1" name="DemoTools.Droppable3" time="11.829" errors="0" timestamp="2024-08-30T15:06:13 IST" skipped="0">
  <testcase classname="DemoTools.Droppable3" name="testDragAndDrop" time="11.829"/>
</testsuite> <!-- DemoTools.Droppable3 -->
