<?xml version="1.0" encoding="UTF-8"?>
<!-- Generated by org.testng.reporters.JUnitReportReporter -->
<testsuite hostname="DESKTOP-Q0H25TU" failures="0" tests="1" name="DemoTools.Bookstore" time="29.313" errors="0" timestamp="2024-08-28T16:52:53 IST" skipped="0">
  <testcase classname="DemoTools.Bookstore" name="element" time="29.313"/>
</testsuite> <!-- DemoTools.Bookstore -->
