<?xml version="1.0" encoding="UTF-8"?>
<!-- Generated by org.testng.reporters.JUnitReportReporter -->
<testsuite hostname="DESKTOP-Q0H25TU" failures="0" tests="1" name="DemoTools.BookStoreApi" time="28.441" errors="0" timestamp="2024-08-27T10:22:49 IST" skipped="0">
  <testcase classname="DemoTools.BookStoreApi" name="element" time="28.441"/>
</testsuite> <!-- DemoTools.BookStoreApi -->
