<?xml version="1.0" encoding="UTF-8"?>
<!-- Generated by org.testng.reporters.JUnitReportReporter -->
<testsuite hostname="DESKTOP-Q0H25TU" failures="0" tests="1" name="DemoTools.Tooltip" time="23.437" errors="0" timestamp="2024-08-23T17:53:52 IST" skipped="0">
  <testcase classname="DemoTools.Tooltip" name="tooltipTest" time="23.437"/>
</testsuite> <!-- DemoTools.Tooltip -->
