<?xml version="1.0" encoding="UTF-8"?>
<!-- Generated by org.testng.reporters.JUnitReportReporter -->
<testsuite hostname="DESKTOP-Q0H25TU" failures="0" tests="1" name="DemoTools.Elementspage" time="31.949" errors="0" timestamp="2024-08-21T15:15:14 IST" skipped="0">
  <testcase classname="DemoTools.Elementspage" name="element" time="31.949"/>
</testsuite> <!-- DemoTools.Elementspage -->
