<?xml version="1.0" encoding="UTF-8"?>
<!-- Generated by org.testng.reporters.JUnitReportReporter -->
<testsuite hostname="DESKTOP-Q0H25TU" failures="0" tests="1" name="DemoTools.NewWindowMessage" time="26.168" errors="0" timestamp="2024-08-22T23:16:44 IST" skipped="0">
  <testcase classname="DemoTools.NewWindowMessage" name="element" time="26.168"/>
</testsuite> <!-- DemoTools.NewWindowMessage -->
