<?xml version="1.0" encoding="UTF-8"?>
<!-- Generated by org.testng.reporters.JUnitReportReporter -->
<testsuite hostname="DESKTOP-Q0H25TU" failures="0" tests="1" name="DemoTools.WidgetsAutocomplete" time="19.230" errors="0" timestamp="2024-08-26T15:11:46 IST" skipped="0">
  <testcase classname="DemoTools.WidgetsAutocomplete" name="testAutocomplete" time="19.230"/>
</testsuite> <!-- DemoTools.WidgetsAutocomplete -->
