<?xml version="1.0" encoding="UTF-8"?>
<!-- Generated by org.testng.reporters.JUnitReportReporter -->
<testsuite hostname="DESKTOP-Q0H25TU" failures="0" tests="1" name="DemoTools.Droppable1" time="16.752" errors="0" timestamp="2024-08-30T15:01:43 IST" skipped="0">
  <testcase classname="DemoTools.Droppable1" name="testDragAndDrop" time="16.752"/>
</testsuite> <!-- DemoTools.Droppable1 -->
