<?xml version="1.0" encoding="UTF-8"?>
<!-- Generated by org.testng.reporters.JUnitReportReporter -->
<testsuite hostname="DESKTOP-Q0H25TU" failures="0" tests="1" name="DemoTools.Menu" time="37.353" errors="0" timestamp="2024-08-23T18:02:20 IST" skipped="0">
  <testcase classname="DemoTools.Menu" name="menuTest" time="37.353"/>
</testsuite> <!-- DemoTools.Menu -->
