<?xml version="1.0" encoding="UTF-8"?>
<!-- Generated by org.testng.reporters.JUnitReportReporter -->
<testsuite hostname="DESKTOP-Q0H25TU" failures="0" tests="1" name="DemoTools.Slider" time="33.759" errors="0" timestamp="2024-08-27T15:35:56 IST" skipped="0">
  <testcase classname="DemoTools.Slider" name="sliderTest" time="33.759"/>
</testsuite> <!-- DemoTools.Slider -->
