<?xml version="1.0" encoding="UTF-8"?>
<!-- Generated by org.testng.reporters.JUnitReportReporter -->
<testsuite hostname="DESKTOP-Q0H25TU" failures="0" tests="1" name="DemoTools.Checkbox" time="96.565" errors="0" timestamp="2024-08-21T16:08:54 IST" skipped="0">
  <testcase classname="DemoTools.Checkbox" name="element" time="96.565"/>
</testsuite> <!-- DemoTools.Checkbox -->
