<?xml version="1.0" encoding="UTF-8"?>
<!-- Generated by org.testng.reporters.JUnitReportReporter -->
<testsuite hostname="DESKTOP-Q0H25TU" failures="0" tests="1" name="DemoTools.Alerts1" time="30.773" errors="0" timestamp="2024-08-23T14:02:44 IST" skipped="0">
  <testcase classname="DemoTools.Alerts1" name="element" time="30.773"/>
</testsuite> <!-- DemoTools.Alerts1 -->
