<?xml version="1.0" encoding="UTF-8"?>
<!-- Generated by org.testng.reporters.JUnitReportReporter -->
<testsuite hostname="DESKTOP-Q0H25TU" failures="0" tests="1" name="DemoTools.BrokenLink1" time="32.467" errors="0" timestamp="2024-08-23T14:07:06 IST" skipped="0">
  <testcase classname="DemoTools.BrokenLink1" name="element" time="32.467"/>
</testsuite> <!-- DemoTools.BrokenLink1 -->
