<?xml version="1.0" encoding="UTF-8"?>
<!-- Generated by org.testng.reporters.JUnitReportReporter -->
<testsuite hostname="DESKTOP-Q0H25TU" failures="0" tests="1" name="DemoTools.Alerts" time="24.526" errors="0" timestamp="2024-08-23T13:59:06 IST" skipped="0">
  <testcase classname="DemoTools.Alerts" name="element" time="24.526"/>
</testsuite> <!-- DemoTools.Alerts -->
