<?xml version="1.0" encoding="UTF-8"?>
<!-- Generated by org.testng.reporters.JUnitReportReporter -->
<testsuite hostname="DESKTOP-Q0H25TU" failures="0" tests="1" name="DemoTools.Droppable" time="15.403" errors="0" timestamp="2024-08-30T14:06:58 IST" skipped="0">
  <testcase classname="DemoTools.Droppable" name="testDragAndDrop" time="15.403"/>
</testsuite> <!-- DemoTools.Droppable -->
