<?xml version="1.0" encoding="UTF-8"?>
<!-- Generated by org.testng.reporters.JUnitReportReporter -->
<testsuite hostname="DESKTOP-Q0H25TU" failures="0" tests="2" name="testngScripts.BasicScriptInTestNG" time="0.018" errors="0" timestamp="2023-09-22T15:45:44 IST" skipped="0">
  <testcase classname="testngScripts.BasicScriptInTestNG" name="test1" time="0.003">
    <system-out>
      <![CDATA[Rahul Gandhi]]>
    </system-out>
  </testcase> <!-- test1 -->
  <testcase classname="testngScripts.BasicScriptInTestNG" name="test" time="0.015">
    <system-out>
      <![CDATA[khatam tata bye bye goodbye gaya]]>
    </system-out>
  </testcase> <!-- test -->
  <system-out>
    <![CDATA[khatam tata bye bye goodbye gaya
Rahul Gandhi]]>
  </system-out>
</testsuite> <!-- testngScripts.BasicScriptInTestNG -->
