<?xml version="1.0" encoding="UTF-8"?>
<!-- Generated by org.testng.reporters.JUnitReportReporter -->
<testsuite hostname="DESKTOP-Q0H25TU" failures="0" tests="1" name="DemoTools.Radiobutton" time="25.458" errors="0" timestamp="2024-08-21T16:16:51 IST" skipped="0">
  <testcase classname="DemoTools.Radiobutton" name="element" time="25.458"/>
</testsuite> <!-- DemoTools.Radiobutton -->
