<?xml version="1.0" encoding="UTF-8"?>
<!-- Generated by org.testng.reporters.JUnitReportReporter -->
<testsuite hostname="DESKTOP-Q0H25TU" failures="0" tests="1" name="DemoTools.Droppable2" time="8.852" errors="0" timestamp="2024-08-30T14:37:28 IST" skipped="0">
  <testcase classname="DemoTools.Droppable2" name="testDragAndDrop" time="8.852"/>
</testsuite> <!-- DemoTools.Droppable2 -->
